<?xml version="1.0" encoding="UTF-8"?>
<testsuite name="aiss.vimeominer.service.VimeoServiceTest" tests="1" skipped="0" failures="0" errors="0" timestamp="2024-05-10T13:35:33" hostname="DESKTOP-QHDQ5GO" time="2.375">
  <properties/>
  <testcase name="Get channels" classname="aiss.vimeominer.service.VimeoServiceTest" time="2.375"/>
  <system-out><![CDATA[15:35:26.763 [Test worker] INFO org.springframework.test.context.support.AnnotationConfigContextLoaderUtils -- Could not detect default configuration classes for test class [aiss.vimeominer.service.VimeoServiceTest]: VimeoServiceTest does not declare any static, non-private, non-final, nested classes annotated with @Configuration.
15:35:27.028 [Test worker] INFO org.springframework.boot.test.context.SpringBootTestContextBootstrapper -- Found @SpringBootConfiguration aiss.vimeominer.VimeominerApplication for test class aiss.vimeominer.service.VimeoServiceTest

  .   ____          _            __ _ _
 /\\ / ___'_ __ _ _(_)_ __  __ _ \ \ \ \
( ( )\___ | '_ | '_| | '_ \/ _` | \ \ \ \
 \\/  ___)| |_)| | | | | || (_| |  ) ) ) )
  '  |____| .__|_| |_|_| |_\__, | / / / /
 =========|_|==============|___/=/_/_/_/
 :: Spring Boot ::                (v3.2.5)

2024-05-10T15:35:27.557+02:00  INFO 3628 --- [    Test worker] a.vimeominer.service.VimeoServiceTest    : Starting VimeoServiceTest using Java 17.0.6 with PID 3628 (started by Kevin in C:\Users\Kevin\Desktop\PROYECTO_INTEGRACION\VIMEO_MINER)
2024-05-10T15:35:27.559+02:00  INFO 3628 --- [    Test worker] a.vimeominer.service.VimeoServiceTest    : No active profile set, falling back to 1 default profile: "default"
2024-05-10T15:35:28.524+02:00  INFO 3628 --- [    Test worker] .s.d.r.c.RepositoryConfigurationDelegate : Bootstrapping Spring Data JPA repositories in DEFAULT mode.
2024-05-10T15:35:28.558+02:00  INFO 3628 --- [    Test worker] .s.d.r.c.RepositoryConfigurationDelegate : Finished Spring Data repository scanning in 21 ms. Found 0 JPA repository interfaces.
2024-05-10T15:35:29.125+02:00  INFO 3628 --- [    Test worker] com.zaxxer.hikari.HikariDataSource       : HikariPool-1 - Starting...
2024-05-10T15:35:29.447+02:00  INFO 3628 --- [    Test worker] com.zaxxer.hikari.pool.HikariPool        : HikariPool-1 - Added connection conn0: url=jdbc:h2:mem:24d97994-a65d-4a5f-b8c7-a5c7f61bc4c0 user=SA
2024-05-10T15:35:29.450+02:00  INFO 3628 --- [    Test worker] com.zaxxer.hikari.HikariDataSource       : HikariPool-1 - Start completed.
2024-05-10T15:35:29.535+02:00  INFO 3628 --- [    Test worker] o.hibernate.jpa.internal.util.LogHelper  : HHH000204: Processing PersistenceUnitInfo [name: default]
2024-05-10T15:35:29.640+02:00  INFO 3628 --- [    Test worker] org.hibernate.Version                    : HHH000412: Hibernate ORM core version 6.4.4.Final
2024-05-10T15:35:29.690+02:00  INFO 3628 --- [    Test worker] o.h.c.internal.RegionFactoryInitiator    : HHH000026: Second-level cache disabled
2024-05-10T15:35:29.913+02:00  INFO 3628 --- [    Test worker] o.s.o.j.p.SpringPersistenceUnitInfo      : No LoadTimeWeaver setup: ignoring JPA class transformer
2024-05-10T15:35:30.941+02:00  INFO 3628 --- [    Test worker] o.h.e.t.j.p.i.JtaPlatformInitiator       : HHH000489: No JTA platform available (set 'hibernate.transaction.jta.platform' to enable JTA platform integration)
2024-05-10T15:35:31.025+02:00  INFO 3628 --- [    Test worker] j.LocalContainerEntityManagerFactoryBean : Initialized JPA EntityManagerFactory for persistence unit 'default'
2024-05-10T15:35:31.520+02:00  WARN 3628 --- [    Test worker] JpaBaseConfiguration$JpaWebConfiguration : spring.jpa.open-in-view is enabled by default. Therefore, database queries may be performed during view rendering. Explicitly configure spring.jpa.open-in-view to disable this warning
2024-05-10T15:35:33.081+02:00  INFO 3628 --- [    Test worker] a.vimeominer.service.VimeoServiceTest    : Started VimeoServiceTest in 5.821 seconds (process running for 7.605)
aiss.vimeominer.model.VimeoMiner.Channel.Channel@7018636a[id=<null>,name=lip dubbing,description=<null>,link=2007-11-03T01:26:14+00:00]
]]></system-out>
  <system-err><![CDATA[]]></system-err>
</testsuite>
